{"C:\\Users\\carlo\\Proyectos\\technicalTest\\TechnicalTest-0523\\src\\App.js": {"path":"C:\\Users\\carlo\\Proyectos\\technicalTest\\TechnicalTest-0523\\src\\App.js","statementMap":{"0":{"start":{"line":5,"column":12},"end":{"line":11,"column":1}},"1":{"start":{"line":6,"column":4},"end":{"line":10,"column":5}}},"fnMap":{"0":{"name":"(anonymous_0)","decl":{"start":{"line":5,"column":12},"end":{"line":5,"column":13}},"loc":{"start":{"line":5,"column":17},"end":{"line":11,"column":1}},"line":5}},"branchMap":{},"s":{"0":0,"1":0},"f":{"0":0},"b":{}}
,"C:\\Users\\carlo\\Proyectos\\technicalTest\\TechnicalTest-0523\\src\\modules\\components\\inputNumber\\inputNumber.jsx": {"path":"C:\\Users\\carlo\\Proyectos\\technicalTest\\TechnicalTest-0523\\src\\modules\\components\\inputNumber\\inputNumber.jsx","statementMap":{"0":{"start":{"line":5,"column":2},"end":{"line":13,"column":4}}},"fnMap":{"0":{"name":"InputNumber","decl":{"start":{"line":4,"column":9},"end":{"line":4,"column":20}},"loc":{"start":{"line":4,"column":63},"end":{"line":14,"column":1}},"line":4}},"branchMap":{},"s":{"0":0},"f":{"0":0},"b":{}}
,"C:\\Users\\carlo\\Proyectos\\technicalTest\\TechnicalTest-0523\\src\\modules\\components\\range\\Range.jsx": {"path":"C:\\Users\\carlo\\Proyectos\\technicalTest\\TechnicalTest-0523\\src\\modules\\components\\range\\Range.jsx","statementMap":{"0":{"start":{"line":6,"column":14},"end":{"line":188,"column":1}},"1":{"start":{"line":12,"column":44},"end":{"line":15,"column":4}},"2":{"start":{"line":16,"column":30},"end":{"line":16,"column":44}},"3":{"start":{"line":17,"column":30},"end":{"line":17,"column":44}},"4":{"start":{"line":19,"column":20},"end":{"line":19,"column":57}},"5":{"start":{"line":21,"column":23},"end":{"line":21,"column":73}},"6":{"start":{"line":22,"column":23},"end":{"line":22,"column":73}},"7":{"start":{"line":23,"column":29},"end":{"line":23,"column":56}},"8":{"start":{"line":25,"column":21},"end":{"line":27,"column":3}},"9":{"start":{"line":26,"column":4},"end":{"line":26,"column":61}},"10":{"start":{"line":26,"column":41},"end":{"line":26,"column":59}},"11":{"start":{"line":29,"column":28},"end":{"line":43,"column":3}},"12":{"start":{"line":30,"column":32},"end":{"line":30,"column":49}},"13":{"start":{"line":31,"column":4},"end":{"line":35,"column":5}},"14":{"start":{"line":32,"column":6},"end":{"line":32,"column":19}},"15":{"start":{"line":33,"column":6},"end":{"line":33,"column":54}},"16":{"start":{"line":34,"column":6},"end":{"line":34,"column":13}},"17":{"start":{"line":36,"column":4},"end":{"line":40,"column":5}},"18":{"start":{"line":37,"column":6},"end":{"line":37,"column":31}},"19":{"start":{"line":38,"column":6},"end":{"line":38,"column":66}},"20":{"start":{"line":39,"column":6},"end":{"line":39,"column":13}},"21":{"start":{"line":41,"column":4},"end":{"line":41,"column":30}},"22":{"start":{"line":42,"column":4},"end":{"line":42,"column":57}},"23":{"start":{"line":45,"column":28},"end":{"line":59,"column":3}},"24":{"start":{"line":46,"column":27},"end":{"line":46,"column":44}},"25":{"start":{"line":47,"column":4},"end":{"line":53,"column":5}},"26":{"start":{"line":51,"column":6},"end":{"line":51,"column":61}},"27":{"start":{"line":52,"column":6},"end":{"line":52,"column":13}},"28":{"start":{"line":54,"column":4},"end":{"line":57,"column":5}},"29":{"start":{"line":55,"column":6},"end":{"line":55,"column":66}},"30":{"start":{"line":56,"column":6},"end":{"line":56,"column":13}},"31":{"start":{"line":58,"column":4},"end":{"line":58,"column":57}},"32":{"start":{"line":61,"column":30},"end":{"line":75,"column":3}},"33":{"start":{"line":62,"column":22},"end":{"line":62,"column":45}},"34":{"start":{"line":63,"column":4},"end":{"line":63,"column":49}},"35":{"start":{"line":63,"column":42},"end":{"line":63,"column":49}},"36":{"start":{"line":64,"column":26},"end":{"line":64,"column":59}},"37":{"start":{"line":65,"column":27},"end":{"line":65,"column":46}},"38":{"start":{"line":66,"column":19},"end":{"line":66,"column":53}},"39":{"start":{"line":67,"column":28},"end":{"line":67,"column":59}},"40":{"start":{"line":68,"column":22},"end":{"line":68,"column":79}},"41":{"start":{"line":69,"column":29},"end":{"line":72,"column":5}},"42":{"start":{"line":73,"column":4},"end":{"line":73,"column":25}},"43":{"start":{"line":74,"column":4},"end":{"line":74,"column":39}},"44":{"start":{"line":77,"column":30},"end":{"line":91,"column":3}},"45":{"start":{"line":78,"column":22},"end":{"line":78,"column":45}},"46":{"start":{"line":79,"column":4},"end":{"line":79,"column":49}},"47":{"start":{"line":79,"column":42},"end":{"line":79,"column":49}},"48":{"start":{"line":80,"column":26},"end":{"line":80,"column":59}},"49":{"start":{"line":81,"column":27},"end":{"line":81,"column":46}},"50":{"start":{"line":82,"column":19},"end":{"line":82,"column":53}},"51":{"start":{"line":83,"column":28},"end":{"line":83,"column":59}},"52":{"start":{"line":84,"column":22},"end":{"line":84,"column":79}},"53":{"start":{"line":85,"column":29},"end":{"line":88,"column":5}},"54":{"start":{"line":89,"column":4},"end":{"line":89,"column":25}},"55":{"start":{"line":90,"column":4},"end":{"line":90,"column":39}},"56":{"start":{"line":93,"column":2},"end":{"line":187,"column":4}},"57":{"start":{"line":118,"column":14},"end":{"line":118,"column":37}},"58":{"start":{"line":119,"column":14},"end":{"line":119,"column":74}},"59":{"start":{"line":120,"column":14},"end":{"line":122,"column":17}},"60":{"start":{"line":121,"column":16},"end":{"line":121,"column":79}},"61":{"start":{"line":139,"column":14},"end":{"line":139,"column":37}},"62":{"start":{"line":140,"column":14},"end":{"line":140,"column":74}},"63":{"start":{"line":141,"column":14},"end":{"line":143,"column":17}},"64":{"start":{"line":142,"column":16},"end":{"line":142,"column":79}},"65":{"start":{"line":171,"column":16},"end":{"line":171,"column":63}},"66":{"start":{"line":179,"column":16},"end":{"line":179,"column":63}}},"fnMap":{"0":{"name":"(anonymous_0)","decl":{"start":{"line":6,"column":14},"end":{"line":6,"column":15}},"loc":{"start":{"line":11,"column":6},"end":{"line":188,"column":1}},"line":11},"1":{"name":"(anonymous_1)","decl":{"start":{"line":25,"column":21},"end":{"line":25,"column":22}},"loc":{"start":{"line":25,"column":33},"end":{"line":27,"column":3}},"line":25},"2":{"name":"(anonymous_2)","decl":{"start":{"line":26,"column":28},"end":{"line":26,"column":29}},"loc":{"start":{"line":26,"column":41},"end":{"line":26,"column":59}},"line":26},"3":{"name":"(anonymous_3)","decl":{"start":{"line":29,"column":28},"end":{"line":29,"column":29}},"loc":{"start":{"line":29,"column":39},"end":{"line":43,"column":3}},"line":29},"4":{"name":"(anonymous_4)","decl":{"start":{"line":45,"column":28},"end":{"line":45,"column":29}},"loc":{"start":{"line":45,"column":39},"end":{"line":59,"column":3}},"line":45},"5":{"name":"(anonymous_5)","decl":{"start":{"line":61,"column":30},"end":{"line":61,"column":31}},"loc":{"start":{"line":61,"column":41},"end":{"line":75,"column":3}},"line":61},"6":{"name":"(anonymous_6)","decl":{"start":{"line":77,"column":30},"end":{"line":77,"column":31}},"loc":{"start":{"line":77,"column":41},"end":{"line":91,"column":3}},"line":77},"7":{"name":"(anonymous_7)","decl":{"start":{"line":117,"column":25},"end":{"line":117,"column":26}},"loc":{"start":{"line":117,"column":36},"end":{"line":123,"column":13}},"line":117},"8":{"name":"(anonymous_8)","decl":{"start":{"line":120,"column":51},"end":{"line":120,"column":52}},"loc":{"start":{"line":120,"column":57},"end":{"line":122,"column":15}},"line":120},"9":{"name":"(anonymous_9)","decl":{"start":{"line":138,"column":25},"end":{"line":138,"column":26}},"loc":{"start":{"line":138,"column":36},"end":{"line":144,"column":13}},"line":138},"10":{"name":"(anonymous_10)","decl":{"start":{"line":141,"column":51},"end":{"line":141,"column":52}},"loc":{"start":{"line":141,"column":57},"end":{"line":143,"column":15}},"line":141},"11":{"name":"(anonymous_11)","decl":{"start":{"line":170,"column":24},"end":{"line":170,"column":25}},"loc":{"start":{"line":171,"column":16},"end":{"line":171,"column":63}},"line":171},"12":{"name":"(anonymous_12)","decl":{"start":{"line":178,"column":24},"end":{"line":178,"column":25}},"loc":{"start":{"line":179,"column":16},"end":{"line":179,"column":63}},"line":179}},"branchMap":{"0":{"loc":{"start":{"line":7,"column":2},"end":{"line":7,"column":42}},"type":"default-arg","locations":[{"start":{"line":7,"column":11},"end":{"line":7,"column":42}}],"line":7},"1":{"loc":{"start":{"line":10,"column":2},"end":{"line":10,"column":10}},"type":"default-arg","locations":[{"start":{"line":10,"column":9},"end":{"line":10,"column":10}}],"line":10},"2":{"loc":{"start":{"line":31,"column":4},"end":{"line":35,"column":5}},"type":"if","locations":[{"start":{"line":31,"column":4},"end":{"line":35,"column":5}},{"start":{},"end":{}}],"line":31},"3":{"loc":{"start":{"line":31,"column":8},"end":{"line":31,"column":64}},"type":"binary-expr","locations":[{"start":{"line":31,"column":8},"end":{"line":31,"column":35}},{"start":{"line":31,"column":39},"end":{"line":31,"column":64}}],"line":31},"4":{"loc":{"start":{"line":36,"column":4},"end":{"line":40,"column":5}},"type":"if","locations":[{"start":{"line":36,"column":4},"end":{"line":40,"column":5}},{"start":{},"end":{}}],"line":36},"5":{"loc":{"start":{"line":47,"column":4},"end":{"line":53,"column":5}},"type":"if","locations":[{"start":{"line":47,"column":4},"end":{"line":53,"column":5}},{"start":{},"end":{}}],"line":47},"6":{"loc":{"start":{"line":48,"column":6},"end":{"line":49,"column":49}},"type":"binary-expr","locations":[{"start":{"line":48,"column":6},"end":{"line":48,"column":33}},{"start":{"line":49,"column":6},"end":{"line":49,"column":49}}],"line":48},"7":{"loc":{"start":{"line":54,"column":4},"end":{"line":57,"column":5}},"type":"if","locations":[{"start":{"line":54,"column":4},"end":{"line":57,"column":5}},{"start":{},"end":{}}],"line":54},"8":{"loc":{"start":{"line":63,"column":4},"end":{"line":63,"column":49}},"type":"if","locations":[{"start":{"line":63,"column":4},"end":{"line":63,"column":49}},{"start":{},"end":{}}],"line":63},"9":{"loc":{"start":{"line":79,"column":4},"end":{"line":79,"column":49}},"type":"if","locations":[{"start":{"line":79,"column":4},"end":{"line":79,"column":49}},{"start":{},"end":{}}],"line":79}},"s":{"0":0,"1":0,"2":0,"3":0,"4":0,"5":0,"6":0,"7":0,"8":0,"9":0,"10":0,"11":0,"12":0,"13":0,"14":0,"15":0,"16":0,"17":0,"18":0,"19":0,"20":0,"21":0,"22":0,"23":0,"24":0,"25":0,"26":0,"27":0,"28":0,"29":0,"30":0,"31":0,"32":0,"33":0,"34":0,"35":0,"36":0,"37":0,"38":0,"39":0,"40":0,"41":0,"42":0,"43":0,"44":0,"45":0,"46":0,"47":0,"48":0,"49":0,"50":0,"51":0,"52":0,"53":0,"54":0,"55":0,"56":0,"57":0,"58":0,"59":0,"60":0,"61":0,"62":0,"63":0,"64":0,"65":0,"66":0},"f":{"0":0,"1":0,"2":0,"3":0,"4":0,"5":0,"6":0,"7":0,"8":0,"9":0,"10":0,"11":0,"12":0},"b":{"0":[0],"1":[0],"2":[0,0],"3":[0,0],"4":[0,0],"5":[0,0],"6":[0,0],"7":[0,0],"8":[0,0],"9":[0,0]}}
,"C:\\Users\\carlo\\Proyectos\\technicalTest\\TechnicalTest-0523\\src\\modules\\home\\Home.jsx": {"path":"C:\\Users\\carlo\\Proyectos\\technicalTest\\TechnicalTest-0523\\src\\modules\\home\\Home.jsx","statementMap":{"0":{"start":{"line":4,"column":13},"end":{"line":17,"column":1}},"1":{"start":{"line":5,"column":4},"end":{"line":16,"column":5}}},"fnMap":{"0":{"name":"(anonymous_0)","decl":{"start":{"line":4,"column":13},"end":{"line":4,"column":14}},"loc":{"start":{"line":4,"column":19},"end":{"line":17,"column":1}},"line":4}},"branchMap":{},"s":{"0":0,"1":0},"f":{"0":0},"b":{}}
,"C:\\Users\\carlo\\Proyectos\\technicalTest\\TechnicalTest-0523\\src\\modules\\pages\\exercise1\\exercise1.jsx": {"path":"C:\\Users\\carlo\\Proyectos\\technicalTest\\TechnicalTest-0523\\src\\modules\\pages\\exercise1\\exercise1.jsx","statementMap":{"0":{"start":{"line":6,"column":19},"end":{"line":15,"column":1}},"1":{"start":{"line":7,"column":34},"end":{"line":7,"column":81}},"2":{"start":{"line":9,"column":4},"end":{"line":13,"column":5}}},"fnMap":{"0":{"name":"(anonymous_0)","decl":{"start":{"line":6,"column":19},"end":{"line":6,"column":20}},"loc":{"start":{"line":6,"column":25},"end":{"line":15,"column":1}},"line":6}},"branchMap":{},"s":{"0":0,"1":0,"2":0},"f":{"0":0},"b":{}}
,"C:\\Users\\carlo\\Proyectos\\technicalTest\\TechnicalTest-0523\\src\\modules\\pages\\exercise2\\exercise2.jsx": {"path":"C:\\Users\\carlo\\Proyectos\\technicalTest\\TechnicalTest-0523\\src\\modules\\pages\\exercise2\\exercise2.jsx","statementMap":{"0":{"start":{"line":6,"column":19},"end":{"line":15,"column":1}},"1":{"start":{"line":7,"column":18},"end":{"line":7,"column":65}},"2":{"start":{"line":9,"column":4},"end":{"line":13,"column":5}}},"fnMap":{"0":{"name":"(anonymous_0)","decl":{"start":{"line":6,"column":19},"end":{"line":6,"column":20}},"loc":{"start":{"line":6,"column":25},"end":{"line":15,"column":1}},"line":6}},"branchMap":{},"s":{"0":0,"1":0,"2":0},"f":{"0":0},"b":{}}
,"C:\\Users\\carlo\\Proyectos\\technicalTest\\TechnicalTest-0523\\src\\routes\\Routes.js": {"path":"C:\\Users\\carlo\\Proyectos\\technicalTest\\TechnicalTest-0523\\src\\routes\\Routes.js","statementMap":{"0":{"start":{"line":7,"column":18},"end":{"line":15,"column":1}},"1":{"start":{"line":8,"column":4},"end":{"line":14,"column":5}}},"fnMap":{"0":{"name":"(anonymous_0)","decl":{"start":{"line":7,"column":18},"end":{"line":7,"column":19}},"loc":{"start":{"line":7,"column":24},"end":{"line":15,"column":1}},"line":7}},"branchMap":{},"s":{"0":0,"1":0},"f":{"0":0},"b":{}}
,"C:\\Users\\carlo\\Proyectos\\technicalTest\\TechnicalTest-0523\\src\\utils\\hooks\\fetchApi.js": {"path":"C:\\Users\\carlo\\Proyectos\\technicalTest\\TechnicalTest-0523\\src\\utils\\hooks\\fetchApi.js","statementMap":{"0":{"start":{"line":3,"column":28},"end":{"line":29,"column":1}},"1":{"start":{"line":4,"column":38},"end":{"line":4,"column":50}},"2":{"start":{"line":5,"column":34},"end":{"line":5,"column":49}},"3":{"start":{"line":6,"column":30},"end":{"line":6,"column":42}},"4":{"start":{"line":8,"column":4},"end":{"line":26,"column":14}},"5":{"start":{"line":9,"column":26},"end":{"line":24,"column":9}},"6":{"start":{"line":10,"column":12},"end":{"line":10,"column":29}},"7":{"start":{"line":11,"column":3},"end":{"line":22,"column":13}},"8":{"start":{"line":12,"column":33},"end":{"line":12,"column":56}},"9":{"start":{"line":13,"column":16},"end":{"line":15,"column":17}},"10":{"start":{"line":14,"column":20},"end":{"line":14,"column":70}},"11":{"start":{"line":16,"column":29},"end":{"line":16,"column":50}},"12":{"start":{"line":17,"column":16},"end":{"line":17,"column":34}},"13":{"start":{"line":18,"column":16},"end":{"line":18,"column":35}},"14":{"start":{"line":20,"column":16},"end":{"line":20,"column":45}},"15":{"start":{"line":21,"column":16},"end":{"line":21,"column":35}},"16":{"start":{"line":23,"column":12},"end":{"line":23,"column":30}},"17":{"start":{"line":25,"column":8},"end":{"line":25,"column":20}},"18":{"start":{"line":28,"column":4},"end":{"line":28,"column":47}}},"fnMap":{"0":{"name":"(anonymous_0)","decl":{"start":{"line":3,"column":28},"end":{"line":3,"column":29}},"loc":{"start":{"line":3,"column":95},"end":{"line":29,"column":1}},"line":3},"1":{"name":"(anonymous_1)","decl":{"start":{"line":8,"column":14},"end":{"line":8,"column":15}},"loc":{"start":{"line":8,"column":20},"end":{"line":26,"column":5}},"line":8},"2":{"name":"(anonymous_2)","decl":{"start":{"line":9,"column":26},"end":{"line":9,"column":27}},"loc":{"start":{"line":9,"column":38},"end":{"line":24,"column":9}},"line":9}},"branchMap":{"0":{"loc":{"start":{"line":3,"column":29},"end":{"line":3,"column":37}},"type":"default-arg","locations":[{"start":{"line":3,"column":35},"end":{"line":3,"column":37}}],"line":3},"1":{"loc":{"start":{"line":3,"column":39},"end":{"line":3,"column":90}},"type":"default-arg","locations":[{"start":{"line":3,"column":51},"end":{"line":3,"column":90}}],"line":3},"2":{"loc":{"start":{"line":13,"column":16},"end":{"line":15,"column":17}},"type":"if","locations":[{"start":{"line":13,"column":16},"end":{"line":15,"column":17}},{"start":{},"end":{}}],"line":13}},"s":{"0":0,"1":0,"2":0,"3":0,"4":0,"5":0,"6":0,"7":0,"8":0,"9":0,"10":0,"11":0,"12":0,"13":0,"14":0,"15":0,"16":0,"17":0,"18":0},"f":{"0":0,"1":0,"2":0},"b":{"0":[0],"1":[0],"2":[0,0]}}
}
