{"C:\\Users\\carlo\\Proyectos\\technicalTest\\TechnicalTest-0523\\src\\App.js": {"path":"C:\\Users\\carlo\\Proyectos\\technicalTest\\TechnicalTest-0523\\src\\App.js","statementMap":{"0":{"start":{"line":5,"column":12},"end":{"line":11,"column":1}},"1":{"start":{"line":6,"column":4},"end":{"line":10,"column":5}}},"fnMap":{"0":{"name":"(anonymous_0)","decl":{"start":{"line":5,"column":12},"end":{"line":5,"column":13}},"loc":{"start":{"line":5,"column":17},"end":{"line":11,"column":1}},"line":5}},"branchMap":{},"s":{"0":0,"1":0},"f":{"0":0},"b":{}}
,"C:\\Users\\carlo\\Proyectos\\technicalTest\\TechnicalTest-0523\\src\\modules\\components\\inputNumber\\inputNumber.jsx": {"path":"C:\\Users\\carlo\\Proyectos\\technicalTest\\TechnicalTest-0523\\src\\modules\\components\\inputNumber\\inputNumber.jsx","statementMap":{"0":{"start":{"line":5,"column":2},"end":{"line":14,"column":4}}},"fnMap":{"0":{"name":"InputNumber","decl":{"start":{"line":4,"column":9},"end":{"line":4,"column":20}},"loc":{"start":{"line":4,"column":73},"end":{"line":15,"column":1}},"line":4}},"branchMap":{"0":{"loc":{"start":{"line":4,"column":23},"end":{"line":4,"column":32}},"type":"default-arg","locations":[{"start":{"line":4,"column":31},"end":{"line":4,"column":32}}],"line":4}},"s":{"0":19},"f":{"0":19},"b":{"0":[8]},"_coverageSchema":"1a1c01bbd47fc00a2c39e90264f33305004495a9","hash":"a6770c409e23de7f79dbd1893bb01b40ce69f428"}
,"C:\\Users\\carlo\\Proyectos\\technicalTest\\TechnicalTest-0523\\src\\modules\\components\\range\\range.jsx": {"path":"C:\\Users\\carlo\\Proyectos\\technicalTest\\TechnicalTest-0523\\src\\modules\\components\\range\\range.jsx","statementMap":{"0":{"start":{"line":6,"column":14},"end":{"line":224,"column":1}},"1":{"start":{"line":7,"column":28},"end":{"line":7,"column":40}},"2":{"start":{"line":8,"column":44},"end":{"line":8,"column":56}},"3":{"start":{"line":9,"column":30},"end":{"line":9,"column":44}},"4":{"start":{"line":10,"column":30},"end":{"line":10,"column":44}},"5":{"start":{"line":12,"column":32},"end":{"line":12,"column":56}},"6":{"start":{"line":14,"column":2},"end":{"line":26,"column":9}},"7":{"start":{"line":15,"column":4},"end":{"line":21,"column":5}},"8":{"start":{"line":17,"column":21},"end":{"line":17,"column":43}},"9":{"start":{"line":18,"column":20},"end":{"line":18,"column":68}},"10":{"start":{"line":18,"column":53},"end":{"line":18,"column":67}},"11":{"start":{"line":19,"column":6},"end":{"line":19,"column":22}},"12":{"start":{"line":20,"column":6},"end":{"line":20,"column":65}},"13":{"start":{"line":22,"column":4},"end":{"line":25,"column":5}},"14":{"start":{"line":23,"column":6},"end":{"line":23,"column":23}},"15":{"start":{"line":24,"column":6},"end":{"line":24,"column":67}},"16":{"start":{"line":28,"column":20},"end":{"line":28,"column":54}},"17":{"start":{"line":29,"column":23},"end":{"line":29,"column":72}},"18":{"start":{"line":30,"column":23},"end":{"line":30,"column":72}},"19":{"start":{"line":32,"column":17},"end":{"line":32,"column":48}},"20":{"start":{"line":33,"column":17},"end":{"line":33,"column":48}},"21":{"start":{"line":35,"column":19},"end":{"line":35,"column":50}},"22":{"start":{"line":37,"column":29},"end":{"line":37,"column":56}},"23":{"start":{"line":40,"column":26},"end":{"line":48,"column":3}},"24":{"start":{"line":41,"column":20},"end":{"line":41,"column":25}},"25":{"start":{"line":42,"column":4},"end":{"line":44,"column":5}},"26":{"start":{"line":43,"column":6},"end":{"line":43,"column":29}},"27":{"start":{"line":45,"column":29},"end":{"line":45,"column":65}},"28":{"start":{"line":46,"column":4},"end":{"line":46,"column":25}},"29":{"start":{"line":47,"column":4},"end":{"line":47,"column":39}},"30":{"start":{"line":50,"column":26},"end":{"line":58,"column":3}},"31":{"start":{"line":51,"column":20},"end":{"line":51,"column":25}},"32":{"start":{"line":52,"column":4},"end":{"line":54,"column":5}},"33":{"start":{"line":53,"column":6},"end":{"line":53,"column":29}},"34":{"start":{"line":55,"column":29},"end":{"line":55,"column":65}},"35":{"start":{"line":56,"column":4},"end":{"line":56,"column":25}},"36":{"start":{"line":57,"column":4},"end":{"line":57,"column":39}},"37":{"start":{"line":61,"column":30},"end":{"line":70,"column":3}},"38":{"start":{"line":62,"column":22},"end":{"line":62,"column":45}},"39":{"start":{"line":63,"column":4},"end":{"line":63,"column":49}},"40":{"start":{"line":63,"column":42},"end":{"line":63,"column":49}},"41":{"start":{"line":64,"column":26},"end":{"line":64,"column":59}},"42":{"start":{"line":65,"column":27},"end":{"line":65,"column":46}},"43":{"start":{"line":66,"column":19},"end":{"line":66,"column":53}},"44":{"start":{"line":67,"column":28},"end":{"line":67,"column":59}},"45":{"start":{"line":68,"column":20},"end":{"line":68,"column":76}},"46":{"start":{"line":69,"column":4},"end":{"line":69,"column":31}},"47":{"start":{"line":72,"column":30},"end":{"line":81,"column":3}},"48":{"start":{"line":73,"column":22},"end":{"line":73,"column":45}},"49":{"start":{"line":74,"column":4},"end":{"line":74,"column":49}},"50":{"start":{"line":74,"column":42},"end":{"line":74,"column":49}},"51":{"start":{"line":75,"column":26},"end":{"line":75,"column":59}},"52":{"start":{"line":76,"column":27},"end":{"line":76,"column":46}},"53":{"start":{"line":77,"column":19},"end":{"line":77,"column":53}},"54":{"start":{"line":78,"column":28},"end":{"line":78,"column":59}},"55":{"start":{"line":79,"column":20},"end":{"line":79,"column":76}},"56":{"start":{"line":80,"column":4},"end":{"line":80,"column":31}},"57":{"start":{"line":83,"column":21},"end":{"line":85,"column":3}},"58":{"start":{"line":84,"column":4},"end":{"line":84,"column":60}},"59":{"start":{"line":84,"column":40},"end":{"line":84,"column":58}},"60":{"start":{"line":87,"column":28},"end":{"line":90,"column":3}},"61":{"start":{"line":88,"column":18},"end":{"line":88,"column":35}},"62":{"start":{"line":89,"column":4},"end":{"line":89,"column":27}},"63":{"start":{"line":92,"column":28},"end":{"line":95,"column":3}},"64":{"start":{"line":93,"column":18},"end":{"line":93,"column":35}},"65":{"start":{"line":94,"column":4},"end":{"line":94,"column":27}},"66":{"start":{"line":97,"column":23},"end":{"line":100,"column":3}},"67":{"start":{"line":98,"column":4},"end":{"line":98,"column":27}},"68":{"start":{"line":99,"column":4},"end":{"line":99,"column":24}},"69":{"start":{"line":102,"column":23},"end":{"line":105,"column":3}},"70":{"start":{"line":103,"column":4},"end":{"line":103,"column":28}},"71":{"start":{"line":104,"column":4},"end":{"line":104,"column":24}},"72":{"start":{"line":107,"column":2},"end":{"line":223,"column":4}},"73":{"start":{"line":136,"column":14},"end":{"line":136,"column":37}},"74":{"start":{"line":137,"column":14},"end":{"line":137,"column":74}},"75":{"start":{"line":138,"column":14},"end":{"line":141,"column":17}},"76":{"start":{"line":139,"column":16},"end":{"line":139,"column":79}},"77":{"start":{"line":140,"column":16},"end":{"line":140,"column":32}},"78":{"start":{"line":144,"column":14},"end":{"line":144,"column":30}},"79":{"start":{"line":147,"column":14},"end":{"line":147,"column":30}},"80":{"start":{"line":166,"column":14},"end":{"line":166,"column":37}},"81":{"start":{"line":167,"column":14},"end":{"line":167,"column":74}},"82":{"start":{"line":168,"column":14},"end":{"line":171,"column":17}},"83":{"start":{"line":169,"column":16},"end":{"line":169,"column":79}},"84":{"start":{"line":170,"column":16},"end":{"line":170,"column":32}},"85":{"start":{"line":174,"column":14},"end":{"line":174,"column":30}},"86":{"start":{"line":177,"column":14},"end":{"line":177,"column":30}},"87":{"start":{"line":205,"column":16},"end":{"line":205,"column":63}},"88":{"start":{"line":214,"column":16},"end":{"line":214,"column":63}}},"fnMap":{"0":{"name":"(anonymous_0)","decl":{"start":{"line":6,"column":14},"end":{"line":6,"column":15}},"loc":{"start":{"line":6,"column":79},"end":{"line":224,"column":1}},"line":6},"1":{"name":"(anonymous_1)","decl":{"start":{"line":14,"column":12},"end":{"line":14,"column":13}},"loc":{"start":{"line":14,"column":18},"end":{"line":26,"column":3}},"line":14},"2":{"name":"(anonymous_2)","decl":{"start":{"line":18,"column":43},"end":{"line":18,"column":44}},"loc":{"start":{"line":18,"column":53},"end":{"line":18,"column":67}},"line":18},"3":{"name":"(anonymous_3)","decl":{"start":{"line":40,"column":26},"end":{"line":40,"column":27}},"loc":{"start":{"line":40,"column":37},"end":{"line":48,"column":3}},"line":40},"4":{"name":"(anonymous_4)","decl":{"start":{"line":50,"column":26},"end":{"line":50,"column":27}},"loc":{"start":{"line":50,"column":37},"end":{"line":58,"column":3}},"line":50},"5":{"name":"(anonymous_5)","decl":{"start":{"line":61,"column":30},"end":{"line":61,"column":31}},"loc":{"start":{"line":61,"column":41},"end":{"line":70,"column":3}},"line":61},"6":{"name":"(anonymous_6)","decl":{"start":{"line":72,"column":30},"end":{"line":72,"column":31}},"loc":{"start":{"line":72,"column":41},"end":{"line":81,"column":3}},"line":72},"7":{"name":"(anonymous_7)","decl":{"start":{"line":83,"column":21},"end":{"line":83,"column":22}},"loc":{"start":{"line":83,"column":33},"end":{"line":85,"column":3}},"line":83},"8":{"name":"(anonymous_8)","decl":{"start":{"line":84,"column":27},"end":{"line":84,"column":28}},"loc":{"start":{"line":84,"column":40},"end":{"line":84,"column":58}},"line":84},"9":{"name":"(anonymous_9)","decl":{"start":{"line":87,"column":28},"end":{"line":87,"column":29}},"loc":{"start":{"line":87,"column":39},"end":{"line":90,"column":3}},"line":87},"10":{"name":"(anonymous_10)","decl":{"start":{"line":92,"column":28},"end":{"line":92,"column":29}},"loc":{"start":{"line":92,"column":39},"end":{"line":95,"column":3}},"line":92},"11":{"name":"(anonymous_11)","decl":{"start":{"line":97,"column":23},"end":{"line":97,"column":24}},"loc":{"start":{"line":97,"column":35},"end":{"line":100,"column":3}},"line":97},"12":{"name":"(anonymous_12)","decl":{"start":{"line":102,"column":23},"end":{"line":102,"column":24}},"loc":{"start":{"line":102,"column":35},"end":{"line":105,"column":3}},"line":102},"13":{"name":"(anonymous_13)","decl":{"start":{"line":135,"column":25},"end":{"line":135,"column":26}},"loc":{"start":{"line":135,"column":36},"end":{"line":142,"column":13}},"line":135},"14":{"name":"(anonymous_14)","decl":{"start":{"line":138,"column":51},"end":{"line":138,"column":52}},"loc":{"start":{"line":138,"column":57},"end":{"line":141,"column":15}},"line":138},"15":{"name":"(anonymous_15)","decl":{"start":{"line":143,"column":26},"end":{"line":143,"column":27}},"loc":{"start":{"line":143,"column":32},"end":{"line":145,"column":13}},"line":143},"16":{"name":"(anonymous_16)","decl":{"start":{"line":146,"column":26},"end":{"line":146,"column":27}},"loc":{"start":{"line":146,"column":32},"end":{"line":148,"column":13}},"line":146},"17":{"name":"(anonymous_17)","decl":{"start":{"line":165,"column":25},"end":{"line":165,"column":26}},"loc":{"start":{"line":165,"column":36},"end":{"line":172,"column":13}},"line":165},"18":{"name":"(anonymous_18)","decl":{"start":{"line":168,"column":51},"end":{"line":168,"column":52}},"loc":{"start":{"line":168,"column":57},"end":{"line":171,"column":15}},"line":168},"19":{"name":"(anonymous_19)","decl":{"start":{"line":173,"column":26},"end":{"line":173,"column":27}},"loc":{"start":{"line":173,"column":32},"end":{"line":175,"column":13}},"line":173},"20":{"name":"(anonymous_20)","decl":{"start":{"line":176,"column":26},"end":{"line":176,"column":27}},"loc":{"start":{"line":176,"column":32},"end":{"line":178,"column":13}},"line":176},"21":{"name":"(anonymous_21)","decl":{"start":{"line":204,"column":24},"end":{"line":204,"column":25}},"loc":{"start":{"line":205,"column":16},"end":{"line":205,"column":63}},"line":205},"22":{"name":"(anonymous_22)","decl":{"start":{"line":213,"column":24},"end":{"line":213,"column":25}},"loc":{"start":{"line":214,"column":16},"end":{"line":214,"column":63}},"line":214}},"branchMap":{"0":{"loc":{"start":{"line":6,"column":17},"end":{"line":6,"column":35}},"type":"default-arg","locations":[{"start":{"line":6,"column":26},"end":{"line":6,"column":35}}],"line":6},"1":{"loc":{"start":{"line":6,"column":47},"end":{"line":6,"column":55}},"type":"default-arg","locations":[{"start":{"line":6,"column":54},"end":{"line":6,"column":55}}],"line":6},"2":{"loc":{"start":{"line":6,"column":57},"end":{"line":6,"column":72}},"type":"default-arg","locations":[{"start":{"line":6,"column":64},"end":{"line":6,"column":72}}],"line":6},"3":{"loc":{"start":{"line":15,"column":4},"end":{"line":21,"column":5}},"type":"if","locations":[{"start":{"line":15,"column":4},"end":{"line":21,"column":5}},{"start":{},"end":{}}],"line":15},"4":{"loc":{"start":{"line":22,"column":4},"end":{"line":25,"column":5}},"type":"if","locations":[{"start":{"line":22,"column":4},"end":{"line":25,"column":5}},{"start":{},"end":{}}],"line":22},"5":{"loc":{"start":{"line":32,"column":17},"end":{"line":32,"column":48}},"type":"cond-expr","locations":[{"start":{"line":32,"column":30},"end":{"line":32,"column":43}},{"start":{"line":32,"column":46},"end":{"line":32,"column":48}}],"line":32},"6":{"loc":{"start":{"line":33,"column":17},"end":{"line":33,"column":48}},"type":"cond-expr","locations":[{"start":{"line":33,"column":30},"end":{"line":33,"column":43}},{"start":{"line":33,"column":46},"end":{"line":33,"column":48}}],"line":33},"7":{"loc":{"start":{"line":35,"column":19},"end":{"line":35,"column":50}},"type":"cond-expr","locations":[{"start":{"line":35,"column":38},"end":{"line":35,"column":43}},{"start":{"line":35,"column":46},"end":{"line":35,"column":50}}],"line":35},"8":{"loc":{"start":{"line":42,"column":4},"end":{"line":44,"column":5}},"type":"if","locations":[{"start":{"line":42,"column":4},"end":{"line":44,"column":5}},{"start":{},"end":{}}],"line":42},"9":{"loc":{"start":{"line":52,"column":4},"end":{"line":54,"column":5}},"type":"if","locations":[{"start":{"line":52,"column":4},"end":{"line":54,"column":5}},{"start":{},"end":{}}],"line":52},"10":{"loc":{"start":{"line":63,"column":4},"end":{"line":63,"column":49}},"type":"if","locations":[{"start":{"line":63,"column":4},"end":{"line":63,"column":49}},{"start":{},"end":{}}],"line":63},"11":{"loc":{"start":{"line":74,"column":4},"end":{"line":74,"column":49}},"type":"if","locations":[{"start":{"line":74,"column":4},"end":{"line":74,"column":49}},{"start":{},"end":{}}],"line":74}},"s":{"0":3,"1":8,"2":8,"3":8,"4":8,"5":8,"6":8,"7":4,"8":3,"9":3,"10":123,"11":3,"12":3,"13":4,"14":1,"15":1,"16":8,"17":8,"18":8,"19":8,"20":8,"21":8,"22":8,"23":8,"24":0,"25":0,"26":0,"27":0,"28":0,"29":0,"30":8,"31":0,"32":0,"33":0,"34":0,"35":0,"36":0,"37":8,"38":0,"39":0,"40":0,"41":0,"42":0,"43":0,"44":0,"45":0,"46":0,"47":8,"48":0,"49":0,"50":0,"51":0,"52":0,"53":0,"54":0,"55":0,"56":0,"57":8,"58":0,"59":0,"60":8,"61":0,"62":0,"63":8,"64":0,"65":0,"66":8,"67":0,"68":0,"69":8,"70":0,"71":0,"72":8,"73":0,"74":0,"75":0,"76":0,"77":0,"78":0,"79":0,"80":0,"81":0,"82":0,"83":0,"84":0,"85":0,"86":0,"87":0,"88":0},"f":{"0":8,"1":4,"2":123,"3":0,"4":0,"5":0,"6":0,"7":0,"8":0,"9":0,"10":0,"11":0,"12":0,"13":0,"14":0,"15":0,"16":0,"17":0,"18":0,"19":0,"20":0,"21":0,"22":0},"b":{"0":[6],"1":[8],"2":[0],"3":[3,1],"4":[1,3],"5":[0,8],"6":[0,8],"7":[6,2],"8":[0,0],"9":[0,0],"10":[0,0],"11":[0,0]},"_coverageSchema":"1a1c01bbd47fc00a2c39e90264f33305004495a9","hash":"e235525593497a8f205ac5da8a2f59a36b1e59e6"}
,"C:\\Users\\carlo\\Proyectos\\technicalTest\\TechnicalTest-0523\\src\\modules\\home\\Home.jsx": {"path":"C:\\Users\\carlo\\Proyectos\\technicalTest\\TechnicalTest-0523\\src\\modules\\home\\Home.jsx","statementMap":{"0":{"start":{"line":5,"column":13},"end":{"line":17,"column":1}},"1":{"start":{"line":6,"column":2},"end":{"line":16,"column":4}}},"fnMap":{"0":{"name":"(anonymous_0)","decl":{"start":{"line":5,"column":13},"end":{"line":5,"column":14}},"loc":{"start":{"line":5,"column":19},"end":{"line":17,"column":1}},"line":5}},"branchMap":{},"s":{"0":1,"1":1},"f":{"0":1},"b":{},"_coverageSchema":"1a1c01bbd47fc00a2c39e90264f33305004495a9","hash":"59a444be9335dc3d1e25e3d2d861ea1c113ba966"}
,"C:\\Users\\carlo\\Proyectos\\technicalTest\\TechnicalTest-0523\\src\\modules\\pages\\exercise1\\exercise1.jsx": {"path":"C:\\Users\\carlo\\Proyectos\\technicalTest\\TechnicalTest-0523\\src\\modules\\pages\\exercise1\\exercise1.jsx","statementMap":{"0":{"start":{"line":6,"column":18},"end":{"line":24,"column":1}},"1":{"start":{"line":7,"column":35},"end":{"line":9,"column":3}},"2":{"start":{"line":11,"column":17},"end":{"line":21,"column":3}},"3":{"start":{"line":12,"column":4},"end":{"line":14,"column":5}},"4":{"start":{"line":13,"column":6},"end":{"line":13,"column":35}},"5":{"start":{"line":16,"column":4},"end":{"line":18,"column":5}},"6":{"start":{"line":17,"column":6},"end":{"line":17,"column":40}},"7":{"start":{"line":20,"column":4},"end":{"line":20,"column":47}},"8":{"start":{"line":23,"column":2},"end":{"line":23,"column":25}}},"fnMap":{"0":{"name":"(anonymous_0)","decl":{"start":{"line":6,"column":18},"end":{"line":6,"column":19}},"loc":{"start":{"line":6,"column":24},"end":{"line":24,"column":1}},"line":6},"1":{"name":"(anonymous_1)","decl":{"start":{"line":11,"column":17},"end":{"line":11,"column":18}},"loc":{"start":{"line":11,"column":23},"end":{"line":21,"column":3}},"line":11}},"branchMap":{"0":{"loc":{"start":{"line":12,"column":4},"end":{"line":14,"column":5}},"type":"if","locations":[{"start":{"line":12,"column":4},"end":{"line":14,"column":5}},{"start":{},"end":{}}],"line":12},"1":{"loc":{"start":{"line":16,"column":4},"end":{"line":18,"column":5}},"type":"if","locations":[{"start":{"line":16,"column":4},"end":{"line":18,"column":5}},{"start":{},"end":{}}],"line":16}},"s":{"0":1,"1":1,"2":1,"3":1,"4":0,"5":1,"6":0,"7":1,"8":1},"f":{"0":1,"1":1},"b":{"0":[0,1],"1":[0,1]},"_coverageSchema":"1a1c01bbd47fc00a2c39e90264f33305004495a9","hash":"e7e24626b1119bb0a2866454f1fc7e4843d94c83"}
,"C:\\Users\\carlo\\Proyectos\\technicalTest\\TechnicalTest-0523\\src\\modules\\pages\\exercise2\\exercise2.jsx": {"path":"C:\\Users\\carlo\\Proyectos\\technicalTest\\TechnicalTest-0523\\src\\modules\\pages\\exercise2\\exercise2.jsx","statementMap":{"0":{"start":{"line":6,"column":18},"end":{"line":24,"column":1}},"1":{"start":{"line":7,"column":35},"end":{"line":9,"column":3}},"2":{"start":{"line":11,"column":17},"end":{"line":21,"column":3}},"3":{"start":{"line":12,"column":4},"end":{"line":14,"column":5}},"4":{"start":{"line":13,"column":6},"end":{"line":13,"column":35}},"5":{"start":{"line":16,"column":4},"end":{"line":18,"column":5}},"6":{"start":{"line":17,"column":6},"end":{"line":17,"column":40}},"7":{"start":{"line":20,"column":4},"end":{"line":20,"column":50}},"8":{"start":{"line":23,"column":2},"end":{"line":23,"column":25}}},"fnMap":{"0":{"name":"(anonymous_0)","decl":{"start":{"line":6,"column":18},"end":{"line":6,"column":19}},"loc":{"start":{"line":6,"column":24},"end":{"line":24,"column":1}},"line":6},"1":{"name":"(anonymous_1)","decl":{"start":{"line":11,"column":17},"end":{"line":11,"column":18}},"loc":{"start":{"line":11,"column":23},"end":{"line":21,"column":3}},"line":11}},"branchMap":{"0":{"loc":{"start":{"line":12,"column":4},"end":{"line":14,"column":5}},"type":"if","locations":[{"start":{"line":12,"column":4},"end":{"line":14,"column":5}},{"start":{},"end":{}}],"line":12},"1":{"loc":{"start":{"line":16,"column":4},"end":{"line":18,"column":5}},"type":"if","locations":[{"start":{"line":16,"column":4},"end":{"line":18,"column":5}},{"start":{},"end":{}}],"line":16}},"s":{"0":1,"1":1,"2":1,"3":1,"4":0,"5":1,"6":0,"7":1,"8":1},"f":{"0":1,"1":1},"b":{"0":[0,1],"1":[0,1]},"_coverageSchema":"1a1c01bbd47fc00a2c39e90264f33305004495a9","hash":"b2cccbe4bfb979ed53c3e9d29075570e6e792a95"}
,"C:\\Users\\carlo\\Proyectos\\technicalTest\\TechnicalTest-0523\\src\\routes\\Routes.js": {"path":"C:\\Users\\carlo\\Proyectos\\technicalTest\\TechnicalTest-0523\\src\\routes\\Routes.js","statementMap":{"0":{"start":{"line":7,"column":18},"end":{"line":15,"column":1}},"1":{"start":{"line":8,"column":4},"end":{"line":14,"column":5}}},"fnMap":{"0":{"name":"(anonymous_0)","decl":{"start":{"line":7,"column":18},"end":{"line":7,"column":19}},"loc":{"start":{"line":7,"column":24},"end":{"line":15,"column":1}},"line":7}},"branchMap":{},"s":{"0":0,"1":0},"f":{"0":0},"b":{}}
,"C:\\Users\\carlo\\Proyectos\\technicalTest\\TechnicalTest-0523\\src\\utils\\hooks\\fetchApi.js": {"path":"C:\\Users\\carlo\\Proyectos\\technicalTest\\TechnicalTest-0523\\src\\utils\\hooks\\fetchApi.js","statementMap":{"0":{"start":{"line":3,"column":28},"end":{"line":27,"column":1}},"1":{"start":{"line":4,"column":38},"end":{"line":4,"column":50}},"2":{"start":{"line":5,"column":34},"end":{"line":5,"column":49}},"3":{"start":{"line":6,"column":30},"end":{"line":6,"column":42}},"4":{"start":{"line":8,"column":4},"end":{"line":24,"column":14}},"5":{"start":{"line":9,"column":26},"end":{"line":22,"column":9}},"6":{"start":{"line":10,"column":12},"end":{"line":10,"column":29}},"7":{"start":{"line":11,"column":3},"end":{"line":20,"column":13}},"8":{"start":{"line":12,"column":33},"end":{"line":12,"column":56}},"9":{"start":{"line":13,"column":16},"end":{"line":15,"column":17}},"10":{"start":{"line":14,"column":20},"end":{"line":14,"column":70}},"11":{"start":{"line":16,"column":29},"end":{"line":16,"column":50}},"12":{"start":{"line":17,"column":16},"end":{"line":17,"column":35}},"13":{"start":{"line":19,"column":16},"end":{"line":19,"column":35}},"14":{"start":{"line":21,"column":12},"end":{"line":21,"column":30}},"15":{"start":{"line":23,"column":8},"end":{"line":23,"column":20}},"16":{"start":{"line":26,"column":4},"end":{"line":26,"column":47}}},"fnMap":{"0":{"name":"(anonymous_0)","decl":{"start":{"line":3,"column":28},"end":{"line":3,"column":29}},"loc":{"start":{"line":3,"column":95},"end":{"line":27,"column":1}},"line":3},"1":{"name":"(anonymous_1)","decl":{"start":{"line":8,"column":14},"end":{"line":8,"column":15}},"loc":{"start":{"line":8,"column":20},"end":{"line":24,"column":5}},"line":8},"2":{"name":"(anonymous_2)","decl":{"start":{"line":9,"column":26},"end":{"line":9,"column":27}},"loc":{"start":{"line":9,"column":38},"end":{"line":22,"column":9}},"line":9}},"branchMap":{"0":{"loc":{"start":{"line":3,"column":29},"end":{"line":3,"column":37}},"type":"default-arg","locations":[{"start":{"line":3,"column":35},"end":{"line":3,"column":37}}],"line":3},"1":{"loc":{"start":{"line":3,"column":39},"end":{"line":3,"column":90}},"type":"default-arg","locations":[{"start":{"line":3,"column":51},"end":{"line":3,"column":90}}],"line":3},"2":{"loc":{"start":{"line":13,"column":16},"end":{"line":15,"column":17}},"type":"if","locations":[{"start":{"line":13,"column":16},"end":{"line":15,"column":17}},{"start":{},"end":{}}],"line":13}},"s":{"0":0,"1":0,"2":0,"3":0,"4":0,"5":0,"6":0,"7":0,"8":0,"9":0,"10":0,"11":0,"12":0,"13":0,"14":0,"15":0,"16":0},"f":{"0":0,"1":0,"2":0},"b":{"0":[0],"1":[0],"2":[0,0]}}
}
