TN:
SF:src\App.js
FN:5,(anonymous_0)
FNF:1
FNH:0
FNDA:0,(anonymous_0)
DA:5,0
DA:6,0
LF:2
LH:0
BRF:0
BRH:0
end_of_record
TN:
SF:src\modules\components\inputNumber\inputNumber.jsx
FN:4,InputNumber
FNF:1
FNH:1
FNDA:19,InputNumber
DA:5,19
LF:1
LH:1
BRDA:4,0,0,8
BRF:1
BRH:1
end_of_record
TN:
SF:src\modules\components\range\range.jsx
FN:6,(anonymous_0)
FN:14,(anonymous_1)
FN:18,(anonymous_2)
FN:40,(anonymous_3)
FN:50,(anonymous_4)
FN:61,(anonymous_5)
FN:72,(anonymous_6)
FN:83,(anonymous_7)
FN:84,(anonymous_8)
FN:87,(anonymous_9)
FN:92,(anonymous_10)
FN:97,(anonymous_11)
FN:102,(anonymous_12)
FN:135,(anonymous_13)
FN:138,(anonymous_14)
FN:143,(anonymous_15)
FN:146,(anonymous_16)
FN:165,(anonymous_17)
FN:168,(anonymous_18)
FN:173,(anonymous_19)
FN:176,(anonymous_20)
FN:204,(anonymous_21)
FN:213,(anonymous_22)
FNF:23
FNH:3
FNDA:8,(anonymous_0)
FNDA:4,(anonymous_1)
FNDA:123,(anonymous_2)
FNDA:0,(anonymous_3)
FNDA:0,(anonymous_4)
FNDA:0,(anonymous_5)
FNDA:0,(anonymous_6)
FNDA:0,(anonymous_7)
FNDA:0,(anonymous_8)
FNDA:0,(anonymous_9)
FNDA:0,(anonymous_10)
FNDA:0,(anonymous_11)
FNDA:0,(anonymous_12)
FNDA:0,(anonymous_13)
FNDA:0,(anonymous_14)
FNDA:0,(anonymous_15)
FNDA:0,(anonymous_16)
FNDA:0,(anonymous_17)
FNDA:0,(anonymous_18)
FNDA:0,(anonymous_19)
FNDA:0,(anonymous_20)
FNDA:0,(anonymous_21)
FNDA:0,(anonymous_22)
DA:6,3
DA:7,8
DA:8,8
DA:9,8
DA:10,8
DA:12,8
DA:14,8
DA:15,4
DA:17,3
DA:18,123
DA:19,3
DA:20,3
DA:22,4
DA:23,1
DA:24,1
DA:28,8
DA:29,8
DA:30,8
DA:32,8
DA:33,8
DA:35,8
DA:37,8
DA:40,8
DA:41,0
DA:42,0
DA:43,0
DA:45,0
DA:46,0
DA:47,0
DA:50,8
DA:51,0
DA:52,0
DA:53,0
DA:55,0
DA:56,0
DA:57,0
DA:61,8
DA:62,0
DA:63,0
DA:64,0
DA:65,0
DA:66,0
DA:67,0
DA:68,0
DA:69,0
DA:72,8
DA:73,0
DA:74,0
DA:75,0
DA:76,0
DA:77,0
DA:78,0
DA:79,0
DA:80,0
DA:83,8
DA:84,0
DA:87,8
DA:88,0
DA:89,0
DA:92,8
DA:93,0
DA:94,0
DA:97,8
DA:98,0
DA:99,0
DA:102,8
DA:103,0
DA:104,0
DA:107,8
DA:136,0
DA:137,0
DA:138,0
DA:139,0
DA:140,0
DA:144,0
DA:147,0
DA:166,0
DA:167,0
DA:168,0
DA:169,0
DA:170,0
DA:174,0
DA:177,0
DA:205,0
DA:214,0
LF:85
LH:32
BRDA:6,0,0,6
BRDA:6,1,0,8
BRDA:6,2,0,0
BRDA:15,3,0,3
BRDA:15,3,1,1
BRDA:22,4,0,1
BRDA:22,4,1,3
BRDA:32,5,0,0
BRDA:32,5,1,8
BRDA:33,6,0,0
BRDA:33,6,1,8
BRDA:35,7,0,6
BRDA:35,7,1,2
BRDA:42,8,0,0
BRDA:42,8,1,0
BRDA:52,9,0,0
BRDA:52,9,1,0
BRDA:63,10,0,0
BRDA:63,10,1,0
BRDA:74,11,0,0
BRDA:74,11,1,0
BRF:21
BRH:10
end_of_record
TN:
SF:src\modules\home\Home.jsx
FN:5,(anonymous_0)
FNF:1
FNH:1
FNDA:1,(anonymous_0)
DA:5,1
DA:6,1
LF:2
LH:2
BRF:0
BRH:0
end_of_record
TN:
SF:src\modules\pages\exercise1\exercise1.jsx
FN:6,(anonymous_0)
FN:11,(anonymous_1)
FNF:2
FNH:2
FNDA:1,(anonymous_0)
FNDA:1,(anonymous_1)
DA:6,1
DA:7,1
DA:11,1
DA:12,1
DA:13,0
DA:16,1
DA:17,0
DA:20,1
DA:23,1
LF:9
LH:7
BRDA:12,0,0,0
BRDA:12,0,1,1
BRDA:16,1,0,0
BRDA:16,1,1,1
BRF:4
BRH:2
end_of_record
TN:
SF:src\modules\pages\exercise2\exercise2.jsx
FN:6,(anonymous_0)
FN:11,(anonymous_1)
FNF:2
FNH:2
FNDA:1,(anonymous_0)
FNDA:1,(anonymous_1)
DA:6,1
DA:7,1
DA:11,1
DA:12,1
DA:13,0
DA:16,1
DA:17,0
DA:20,1
DA:23,1
LF:9
LH:7
BRDA:12,0,0,0
BRDA:12,0,1,1
BRDA:16,1,0,0
BRDA:16,1,1,1
BRF:4
BRH:2
end_of_record
TN:
SF:src\routes\Routes.js
FN:7,(anonymous_0)
FNF:1
FNH:0
FNDA:0,(anonymous_0)
DA:7,0
DA:8,0
LF:2
LH:0
BRF:0
BRH:0
end_of_record
TN:
SF:src\utils\hooks\fetchApi.js
FN:3,(anonymous_0)
FN:8,(anonymous_1)
FN:9,(anonymous_2)
FNF:3
FNH:0
FNDA:0,(anonymous_0)
FNDA:0,(anonymous_1)
FNDA:0,(anonymous_2)
DA:3,0
DA:4,0
DA:5,0
DA:6,0
DA:8,0
DA:9,0
DA:10,0
DA:11,0
DA:12,0
DA:13,0
DA:14,0
DA:16,0
DA:17,0
DA:19,0
DA:21,0
DA:23,0
DA:26,0
LF:17
LH:0
BRDA:3,0,0,0
BRDA:3,1,0,0
BRDA:13,2,0,0
BRDA:13,2,1,0
BRF:4
BRH:0
end_of_record
